<?xml version="1.0" encoding="UTF-8"?>
<!-- Generated by org.testng.reporters.JUnitReportReporter -->
<testsuite hostname="DESKTOP-JTE90UB" failures="1" tests="2" name="runners.Runner" time="19.616" errors="0" timestamp="2023-02-18T01:42:04 TRT" skipped="0">
  <testcase classname="runners.Runner" name="runScenario" time="9.780"/>
  <system-out/>
  <testcase classname="runners.Runner" name="runScenario" time="9.836">
    <failure message="expected:&lt;true&gt; but was:&lt;false&gt;" type="java.lang.AssertionError">
      <![CDATA[java.lang.AssertionError: expected:<true> but was:<false>
at org.junit.Assert.fail(Assert.java:88)
at org.junit.Assert.failNotEquals(Assert.java:743)
at org.junit.Assert.assertEquals(Assert.java:118)
at org.junit.Assert.assertEquals(Assert.java:144)
at stepDefinitions.SearchProduct_Steps.ı_validate_the_first_product_whether_related_to_product(SearchProduct_Steps.java:41)
at ✽.I validate the product whether results are related to dove soap(classpath:features/AmazonSearchCase.feature:19)
]]>
    </failure>
  </testcase> <!-- runScenario -->
  <system-out/>
</testsuite> <!-- runners.Runner -->
